<?xml version="1.0" encoding="UTF-8"?>
<testsuite xmlns:xsi="http://www.w3.org/2001/XMLSchema-instance" xsi:noNamespaceSchemaLocation="https://maven.apache.org/surefire/maven-surefire-plugin/xsd/surefire-test-report-3.0.xsd" version="3.0" name="com.itheima.service.BookServiceTest" time="1.121" tests="2" errors="0" skipped="0" failures="0">
  <properties>
[...]
</properties>
  <testcase name="testGetById" classname="com.itheima.service.BookServiceTest" time="0.518">
    <system-out><![CDATA[Book{id=1, type='类别测试数据', name='书名测试数据', description='描述测试数据'}
]]></system-out>
    <system-err><![CDATA[7月 10, 2024 2:19:50 下午 org.springframework.test.context.support.AbstractTestContextBootstrapper getDefaultTestExecutionListenerClassNames
信息: Loaded default TestExecutionListener class names from location [META-INF/spring.factories]: [org.springframework.test.context.web.ServletTestExecutionListener, org.springframework.test.context.support.DirtiesContextBeforeModesTestExecutionListener, org.springframework.test.context.support.DependencyInjectionTestExecutionListener, org.springframework.test.context.support.DirtiesContextTestExecutionListener, org.springframework.test.context.transaction.TransactionalTestExecutionListener, org.springframework.test.context.jdbc.SqlScriptsTestExecutionListener, org.springframework.test.context.event.EventPublishingTestExecutionListener]
7月 10, 2024 2:19:50 下午 org.springframework.test.context.support.AbstractTestContextBootstrapper getTestExecutionListeners
信息: Using TestExecutionListeners: [org.springframework.test.context.web.ServletTestExecutionListener@6ce139a4, org.springframework.test.context.support.DirtiesContextBeforeModesTestExecutionListener@6973bf95, org.springframework.test.context.support.DependencyInjectionTestExecutionListener@2ddc8ecb, org.springframework.test.context.support.DirtiesContextTestExecutionListener@229d10bd, org.springframework.test.context.transaction.TransactionalTestExecutionListener@47542153, org.springframework.test.context.jdbc.SqlScriptsTestExecutionListener@33afa13b, org.springframework.test.context.event.EventPublishingTestExecutionListener@7a4ccb53]
7月 10, 2024 2:19:51 下午 com.alibaba.druid.support.logging.JakartaCommonsLoggingImpl info
信息: {dataSource-1} inited
Wed Jul 10 14:19:51 CST 2024 WARN: Establishing SSL connection without server's identity verification is not recommended. According to MySQL 5.5.45+, 5.6.26+ and 5.7.6+ requirements SSL connection must be established by default if explicit option isn't set. For compliance with existing applications not using SSL the verifyServerCertificate property is set to 'false'. You need either to explicitly disable SSL by setting useSSL=false, or set useSSL=true and provide truststore for server certificate verification.
]]></system-err>
  </testcase>
  <testcase name="testGetAll" classname="com.itheima.service.BookServiceTest" time="0.003">
    <system-out><![CDATA[[Book{id=1, type='类别测试数据', name='书名测试数据', description='描述测试数据'}, Book{id=2, type='计算机理论', name='Spring 5核心原理与30个类手写实战', description='十年沉淀之作，手写Spring精华思想'}, Book{id=3, type='计算机理论', name='Spring 5 设计模式', description='深入Spring源码剖析Spring源码中蕴含的10大设计模式'}, Book{id=4, type='计算机理论', name='Spring MVC+MyBatis开发从入门到项目实战', description='全方位解析面向Web应用的轻量级框架，带你成为Spring MVC开发高手'}, Book{id=5, type='计算机理论', name='轻量级Java Web企业应用实战', description='源码级剖析Spring框架，适合已掌握Java基础的读者'}, Book{id=6, type='计算机理论', name='Java核心技术 卷I 基础知识（原书第11版）', description='Core Java 第11版，Jolt大奖获奖作品，针对Java SE9、10、11全面更新'}, Book{id=7, type='计算机理论', name='深入理解Java虚拟机', description='5个维度全面剖析JVM，大厂面试知识点全覆盖'}, Book{id=8, type='计算机理论', name='Java编程思想（第4版）', description='Java学习必读经典,殿堂级著作！赢得了全球程序员的广泛赞誉'}, Book{id=9, type='计算机理论', name='零基础学Java（全彩版）', description='零基础自学编程的入门图书，由浅入深，详解Java语言的编程思想和核心技术'}, Book{id=10, type='市场营销', name='直播就该这么做：主播高效沟通实战指南', description='李子柒、李佳琦、薇娅成长为网红的秘密都在书中'}, Book{id=11, type='市场营销', name='直播销讲实战一本通', description='和秋叶一起学系列网络营销书籍'}, Book{id=12, type='市场营销', name='直播带货：淘宝、天猫直播从新手到高手', description='一本教你如何玩转直播的书，10堂课轻松实现带货月入3W+'}, Book{id=14, type='类别测试数据', name='书名测试数据', description='描述测试数据'}]
]]></system-out>
  </testcase>
</testsuite>