<?xml version="1.0" encoding="UTF-8"?>
<testsuite xmlns:xsi="http://www.w3.org/2001/XMLSchema-instance" xsi:noNamespaceSchemaLocation="https://maven.apache.org/surefire/maven-surefire-plugin/xsd/surefire-test-report-3.0.xsd" version="3.0" name="com.itheima.Springboot04ProfileApplicationTests" time="2.895" tests="1" errors="0" skipped="0" failures="0">
  <properties>
[...]
</properties>
  <testcase name="contextLoads" classname="com.itheima.Springboot04ProfileApplicationTests" time="0.8">
    <system-out><![CDATA[11:10:08.040 [main] INFO org.springframework.test.context.support.AnnotationConfigContextLoaderUtils -- Could not detect default configuration classes for test class [com.itheima.Springboot04ProfileApplicationTests]: Springboot04ProfileApplicationTests does not declare any static, non-private, non-final, nested classes annotated with @Configuration.
11:10:08.139 [main] INFO org.springframework.boot.test.context.SpringBootTestContextBootstrapper -- Found @SpringBootConfiguration com.itheima.Springboot04ProfileApplication for test class com.itheima.Springboot04ProfileApplicationTests

  .   ____          _            __ _ _
 /\\ / ___'_ __ _ _(_)_ __  __ _ \ \ \ \
( ( )\___ | '_ | '_| | '_ \/ _` | \ \ \ \
 \\/  ___)| |_)| | | | | || (_| |  ) ) ) )
  '  |____| .__|_| |_|_| |_\__, | / / / /
 =========|_|==============|___/=/_/_/_/

 :: Spring Boot ::                (v3.3.1)

2024-07-11T11:10:08.606+08:00  INFO 8180 --- [springboot_04_profile] [           main] c.i.Springboot04ProfileApplicationTests  : Starting Springboot04ProfileApplicationTests using Java 21.0.1 with PID 8180 (started by 29096 in D:\JavaLearn\WebToEnd\SpringBoot\springboot_04_profile)
2024-07-11T11:10:08.607+08:00  INFO 8180 --- [springboot_04_profile] [           main] c.i.Springboot04ProfileApplicationTests  : The following 1 profile is active: "dev"
2024-07-11T11:10:09.960+08:00  INFO 8180 --- [springboot_04_profile] [           main] c.i.Springboot04ProfileApplicationTests  : Started Springboot04ProfileApplicationTests in 1.671 seconds (process running for 2.704)
]]></system-out>
    <system-err><![CDATA[WARNING: A Java agent has been loaded dynamically (D:\Program Files (x86)\maven\repository\net\bytebuddy\byte-buddy-agent\1.14.17\byte-buddy-agent-1.14.17.jar)
WARNING: If a serviceability tool is in use, please run with -XX:+EnableDynamicAgentLoading to hide this warning
WARNING: If a serviceability tool is not in use, please run with -Djdk.instrument.traceUsage for more information
WARNING: Dynamic loading of agents will be disallowed by default in a future release
]]></system-err>
  </testcase>
</testsuite>